<?xml version="1.0" encoding="UTF-8"?>
<!-- Generated by org.testng.reporters.JUnitXMLReporter -->
<testsuite hostname="admin-PC" ignored="0" name="Default test" tests="5" failures="0" timestamp="07 May 2019 02:43:29 GMT" time="0.109" errors="0">
  <testcase name="addtoCart" time="0.0" classname="pac.AddToCart"/>
  <testcase name="addtoCart" time="0.0" classname="pac.AddToCart"/>
  <testcase name="addtoCart" time="0.016" classname="pac.AddToCart"/>
  <testcase name="addtoCart" time="0.046" classname="pac.AddToCart"/>
  <testcase name="addtoCart" time="0.0" classname="pac.AddToCart"/>
</testsuite> <!-- Default test -->
