<?xml version="1.0" encoding="UTF-8"?>
<testng-results skipped="0" failed="0" ignored="0" total="5" passed="5">
  <reporter-output>
  </reporter-output>
  <suite name="Default suite" duration-ms="109" started-at="2019-05-07T02:43:29Z" finished-at="2019-05-07T02:43:29Z">
    <groups>
    </groups>
    <test name="Default test" duration-ms="109" started-at="2019-05-07T02:43:29Z" finished-at="2019-05-07T02:43:29Z">
      <class name="pac.AddToCart">
        <test-method status="PASS" signature="addtoCart(java.lang.String, java.lang.String)[pri:0, instance:pac.AddToCart@5c3bd550]" name="addtoCart" duration-ms="16" started-at="2019-05-07T02:43:29Z" data-provider="getDataForAddToCartTest" finished-at="2019-05-07T02:43:29Z">
          <params>
            <param index="0">
              <value>
                <![CDATA[iphone XR]]>
              </value>
            </param>
            <param index="1">
              <value>
                <![CDATA[10]]>
              </value>
            </param>
          </params>
          <reporter-output>
          </reporter-output>
        </test-method> <!-- addtoCart -->
        <test-method status="PASS" signature="addtoCart(java.lang.String, java.lang.String)[pri:0, instance:pac.AddToCart@5c3bd550]" name="addtoCart" duration-ms="0" started-at="2019-05-07T02:43:29Z" data-provider="getDataForAddToCartTest" finished-at="2019-05-07T02:43:29Z">
          <params>
            <param index="0">
              <value>
                <![CDATA[iphone 7]]>
              </value>
            </param>
            <param index="1">
              <value>
                <![CDATA[10]]>
              </value>
            </param>
          </params>
          <reporter-output>
          </reporter-output>
        </test-method> <!-- addtoCart -->
        <test-method status="PASS" signature="addtoCart(java.lang.String, java.lang.String)[pri:0, instance:pac.AddToCart@5c3bd550]" name="addtoCart" duration-ms="0" started-at="2019-05-07T02:43:29Z" data-provider="getDataForAddToCartTest" finished-at="2019-05-07T02:43:29Z">
          <params>
            <param index="0">
              <value>
                <![CDATA[iphone 10 x]]>
              </value>
            </param>
            <param index="1">
              <value>
                <![CDATA[1]]>
              </value>
            </param>
          </params>
          <reporter-output>
          </reporter-output>
        </test-method> <!-- addtoCart -->
        <test-method status="PASS" signature="addtoCart(java.lang.String, java.lang.String)[pri:0, instance:pac.AddToCart@5c3bd550]" name="addtoCart" duration-ms="46" started-at="2019-05-07T02:43:29Z" data-provider="getDataForAddToCartTest" finished-at="2019-05-07T02:43:29Z">
          <params>
            <param index="0">
              <value>
                <![CDATA[Samsung A50]]>
              </value>
            </param>
            <param index="1">
              <value>
                <![CDATA[10]]>
              </value>
            </param>
          </params>
          <reporter-output>
          </reporter-output>
        </test-method> <!-- addtoCart -->
        <test-method status="PASS" signature="addtoCart(java.lang.String, java.lang.String)[pri:0, instance:pac.AddToCart@5c3bd550]" name="addtoCart" duration-ms="0" started-at="2019-05-07T02:43:29Z" data-provider="getDataForAddToCartTest" finished-at="2019-05-07T02:43:29Z">
          <params>
            <param index="0">
              <value>
                <![CDATA[Samsung A70]]>
              </value>
            </param>
            <param index="1">
              <value>
                <![CDATA[10]]>
              </value>
            </param>
          </params>
          <reporter-output>
          </reporter-output>
        </test-method> <!-- addtoCart -->
      </class> <!-- pac.AddToCart -->
    </test> <!-- Default test -->
  </suite> <!-- Default suite -->
</testng-results>
