<?xml version="1.0" encoding="UTF-8"?>
<!-- Generated by org.testng.reporters.JUnitXMLReporter -->
<testsuite hostname="admin-PC" ignored="1" name="Test" tests="4" failures="0" timestamp="04 May 2019 06:24:25 GMT" time="83.61" errors="0">
  <testcase name="createCustomerTest" time="1.752" classname="com.acttime.customertest.CustomerTest"/>
  <testcase name="createCustomerWithDescTest" time="1.253" classname="com.acttime.customertest.CustomerTest"/>
  <testcase name="createUSerTest" time="0.0" classname="com.acttime.usertest.USerTest"/>
  <testcase name="modifyUSerTest" time="0.0" classname="com.acttime.usertest.USerTest"/>
  <testcase name="@BeforeSuite configBeforeSuite" time="0.0" classname="com.acttime.genericlib.BaseClass">
    <ignored/>
  </testcase> <!-- @BeforeSuite configBeforeSuite -->
</testsuite> <!-- Test -->
